#
# A fatal error has been detected by the Java Runtime Environment:
#
#  EXCEPTION_ACCESS_VIOLATION (0xc0000005) at pc=0x0000000074e28470, pid=8988, tid=0x0000000000000a78
#
# JRE version: Java(TM) SE Runtime Environment (8.0_331-b09) (build 1.8.0_331-b09)
# Java VM: Java HotSpot(TM) 64-Bit Server VM (25.331-b09 mixed mode windows-amd64 compressed oops)
# Problematic frame:
# V  [jvm.dll+0xb8470]
#
# Failed to write core dump. Minidumps are not enabled by default on client versions of Windows
#
# If you would like to submit a bug report, please visit:
#   http://bugreport.java.com/bugreport/crash.jsp
#

---------------  T H R E A D  ---------------

Current thread (0x00000212212b6800):  GCTaskThread [stack: 0x000000a548200000,0x000000a548300000] [id=2680]

siginfo: ExceptionCode=0xc0000005, reading address 0x0000000000000190

Registers:
RAX=0x0000021232d20000, RBX=0x00000006c0b037a8, RCX=0x00000006c0b037a8, RDX=0x0000000000000188
RSP=0x000000a5482ff118, RBP=0x00000212212bbe10, RSI=0x00000000000001e2, RDI=0x000000073f14b308
R8 =0x000000000000181b, R9 =0x0000000003cc9200, R10=0x0000000003cc9200, R11=0x000000a5482ff230
R12=0x000000072fe26370, R13=0x000000000e199430, R14=0x0000000000000200, R15=0x0000000003cc9400
RIP=0x0000000074e28470, EFLAGS=0x0000000000010206

Top of Stack: (sp=0x000000a5482ff118)
0x000000a5482ff118:   0000000074e82c67 00000006c0b27350
0x000000a5482ff128:   00000212212bbe10 0000000000000000
0x000000a5482ff138:   0000000000000007 000000073f14b308
0x000000a5482ff148:   0000000074eac27b 00000006c0b037a8
0x000000a5482ff158:   00000006c09513a4 00000212212bbe10
0x000000a5482ff168:   0000000074e9348f 000000007538b558
0x000000a5482ff178:   0000000000000000 0000000003cc9200
0x000000a5482ff188:   00000212212b6c50 000000a5482ff220
0x000000a5482ff198:   000000007513ad6f 0001e64900000000
0x000000a5482ff1a8:   00000212212bbe10 000000072fe26370
0x000000a5482ff1b8:   0000001b00000000 0001e64a00000000
0x000000a5482ff1c8:   0000001c00000000 000000072fe26370
0x000000a5482ff1d8:   0000000000000200 0001e64900000000
0x000000a5482ff1e8:   0001e64a00000000 00000212212bbe10
0x000000a5482ff1f8:   000000072fe26370 0000000603cc9200
0x000000a5482ff208:   0000000074ead5b6 000002123c440080 

Instructions: (pc=0x0000000074e28470)
0x0000000074e28450:   e9 03 48 c1 e8 03 41 23 c1 c3 49 8b 00 49 8b c8
0x0000000074e28460:   48 ff a0 e8 00 00 00 cc cc cc cc cc cc cc cc cc
0x0000000074e28470:   44 8b 42 08 4c 8b ca 45 85 c0 7e 0e 41 f6 c0 01
0x0000000074e28480:   75 55 41 c1 f8 03 41 8b c0 c3 79 4b 80 3d 85 1a 


Register to memory mapping:

RAX=0x0000021232d20000 is an unknown value
RBX=0x00000006c0b037a8 is pointing into object: 0x00000006c0b03780
sun.java2d.loops.Blit 
 - klass: 'sun/java2d/loops/Blit'
RCX=0x00000006c0b037a8 is pointing into object: 0x00000006c0b03780
sun.java2d.loops.Blit 
 - klass: 'sun/java2d/loops/Blit'
RDX=0x0000000000000188 is an unknown value
RSP=0x000000a5482ff118 is an unknown value
RBP=0x00000212212bbe10 is an unknown value
RSI=0x00000000000001e2 is an unknown value
RDI=0x000000073f14b308 is pointing into object: 0x000000072fe26370
[Ljava.lang.Object; 
 - klass: 'java/lang/Object'[]
 - length: 236557360
R8 =0x000000000000181b is an unknown value
R9 =0x0000000003cc9200 is an unknown value
R10=0x0000000003cc9200 is an unknown value
R11=0x000000a5482ff230 is an unknown value
R12=0x000000072fe26370 is an oop
[Ljava.lang.Object; 
 - klass: 'java/lang/Object'[]
 - length: 236557360
R13=0x000000000e199430 is an unknown value
R14=0x0000000000000200 is an unknown value
R15=0x0000000003cc9400 is an unknown value


Stack: [0x000000a548200000,0x000000a548300000],  sp=0x000000a5482ff118,  free space=1020k
Native frames: (J=compiled Java code, j=interpreted, Vv=VM code, C=native code)
V  [jvm.dll+0xb8470]


---------------  P R O C E S S  ---------------

Java Threads: ( => current thread )
  0x0000021246f80000 JavaThread "D3D Screen Updater" daemon [_thread_blocked, id=15452, stack(0x000000a549710000,0x000000a549810000)]
  0x0000021246f7e800 JavaThread "TimerQueue" daemon [_thread_blocked, id=15604, stack(0x000000a549610000,0x000000a549710000)]
  0x000002122129f000 JavaThread "DestroyJavaVM" [_thread_blocked, id=15956, stack(0x000000a548100000,0x000000a548200000)]
  0x000002123d5a3000 JavaThread "AWT-EventQueue-0" [_thread_blocked, id=12012, stack(0x000000a549300000,0x000000a549400000)]
  0x000002123d530800 JavaThread "AWT-Windows" daemon [_thread_blocked, id=2456, stack(0x000000a549200000,0x000000a549300000)]
  0x000002123d52e800 JavaThread "AWT-Shutdown" [_thread_blocked, id=6644, stack(0x000000a549100000,0x000000a549200000)]
  0x000002123d52c000 JavaThread "Java2D Disposer" daemon [_thread_blocked, id=7492, stack(0x000000a549000000,0x000000a549100000)]
  0x000002123c5c4000 JavaThread "Service Thread" daemon [_thread_blocked, id=7776, stack(0x000000a548e00000,0x000000a548f00000)]
  0x000002123c53f800 JavaThread "C1 CompilerThread2" daemon [_thread_blocked, id=4524, stack(0x000000a548d00000,0x000000a548e00000)]
  0x000002123c52f000 JavaThread "C2 CompilerThread1" daemon [_thread_blocked, id=15892, stack(0x000000a548c00000,0x000000a548d00000)]
  0x000002123c52a000 JavaThread "C2 CompilerThread0" daemon [_thread_blocked, id=3780, stack(0x000000a548b00000,0x000000a548c00000)]
  0x000002123c520800 JavaThread "Attach Listener" daemon [_thread_blocked, id=5844, stack(0x000000a548a00000,0x000000a548b00000)]
  0x000002123c529000 JavaThread "Signal Dispatcher" daemon [_thread_blocked, id=16240, stack(0x000000a548900000,0x000000a548a00000)]
  0x000002123bdd7800 JavaThread "Finalizer" daemon [_thread_blocked, id=10164, stack(0x000000a548800000,0x000000a548900000)]
  0x000002123c506000 JavaThread "Reference Handler" daemon [_thread_blocked, id=5904, stack(0x000000a548700000,0x000000a548800000)]

Other Threads:
  0x000002123c4e1800 VMThread [stack: 0x000000a548600000,0x000000a548700000] [id=15180]
  0x000002123c5c6000 WatcherThread [stack: 0x000000a548f00000,0x000000a549000000] [id=11076]

=>0x00000212212b6800 (exited) GCTaskThread [stack: 0x000000a548200000,0x000000a548300000] [id=2680]

VM state:at safepoint (normal execution)

VM Mutex/Monitor currently owned by a thread:  ([mutex/lock_event])
[0x000002122129c120] Threads_lock - owner thread: 0x000002123c4e1800
[0x000002122129ca30] Heap_lock - owner thread: 0x000002123d5a3000

heap address: 0x00000006c0800000, size: 4088 MB, Compressed Oops mode: Zero based, Oop shift amount: 3
Narrow klass base: 0x0000000000000000, Narrow klass shift: 3
Compressed class space size: 1073741824 Address: 0x00000007c0000000

Heap:
 PSYoungGen      total 40448K, used 128K [0x000000076ad80000, 0x000000076de80000, 0x00000007c0000000)
  eden space 39424K, 0% used [0x000000076ad80000,0x000000076ad80000,0x000000076d400000)
  from space 1024K, 12% used [0x000000076d400000,0x000000076d420000,0x000000076d500000)
  to   space 1024K, 0% used [0x000000076dd80000,0x000000076dd80000,0x000000076de80000)
 ParOldGen       total 2790912K, used 2748997K [0x00000006c0800000, 0x000000076ad80000, 0x000000076ad80000)
  object space 2790912K, 98% used [0x00000006c0800000,0x0000000768491440,0x000000076ad80000)
 Metaspace       used 12919K, capacity 13148K, committed 13312K, reserved 1060864K
  class space    used 1617K, capacity 1708K, committed 1792K, reserved 1048576K

Card table byte_map: [0x0000021231fc0000,0x00000212327c0000] byte_map_base: 0x000002122e9bc000

Marking Bits: (ParMarkBitMap*) 0x0000000075559030
 Begin Bits: [0x0000021232d20000, 0x0000021236d00000)
 End Bits:   [0x0000021236d00000, 0x000002123ace0000)

Polling page: 0x0000021221370000

CodeCache: size=245760Kb used=6420Kb max_used=6430Kb free=239339Kb
 bounds [0x0000021222c00000, 0x0000021223250000, 0x0000021231c00000]
 total_blobs=2353 nmethods=1853 adapters=412
 compilation: enabled

Compilation events (10 events):
Event: 14.796 Thread 0x000002123c52a000 1849       4       java.util.IdentityHashMap::keySet (26 bytes)
Event: 14.797 Thread 0x000002123c52a000 nmethod 1849 0x000002122322e8d0 code [0x000002122322ea00, 0x000002122322ea78]
Event: 15.187 Thread 0x000002123c52f000 1850       4       java.lang.Thread::isInterrupted (6 bytes)
Event: 15.187 Thread 0x000002123c52f000 nmethod 1850 0x00000212231e7b50 code [0x00000212231e7ca0, 0x00000212231e7d48]
Event: 15.294 Thread 0x000002123c53f800 1851       3       Solver::calculate (475 bytes)
Event: 15.297 Thread 0x000002123c53f800 nmethod 1851 0x0000021223245b50 code [0x0000021223246280, 0x000002122324b620]
Event: 15.297 Thread 0x000002123c52a000 1852 %     4       Solver::calculate @ 404 (475 bytes)
Event: 15.299 Thread 0x000002123c52a000 nmethod 1852% 0x0000021223241c50 code [0x0000021223241da0, 0x0000021223241f08]
Event: 17.303 Thread 0x000002123c53f800 1853       1       java.awt.event.InputEvent::getModifiers (8 bytes)
Event: 17.303 Thread 0x000002123c53f800 nmethod 1853 0x000002122322ab10 code [0x000002122322ac60, 0x000002122322ad78]

GC Heap History (10 events):
Event: 14.812 GC heap after
Heap after GC invocations=37 (full 0):
 PSYoungGen      total 40960K, used 64K [0x000000076ad80000, 0x000000076d780000, 0x00000007c0000000)
  eden space 39424K, 0% used [0x000000076ad80000,0x000000076ad80000,0x000000076d400000)
  from space 1536K, 4% used [0x000000076d480000,0x000000076d490000,0x000000076d600000)
  to   space 1536K, 0% used [0x000000076d600000,0x000000076d600000,0x000000076d780000)
 ParOldGen       total 175104K, used 3507K [0x00000006c0800000, 0x00000006cb300000, 0x000000076ad80000)
  object space 175104K, 2% used [0x00000006c0800000,0x00000006c0b6cef0,0x00000006cb300000)
 Metaspace       used 12910K, capacity 13148K, committed 13312K, reserved 1060864K
  class space    used 1616K, capacity 1708K, committed 1792K, reserved 1048576K
}
Event: 15.041 GC heap before
{Heap before GC invocations=38 (full 0):
 PSYoungGen      total 40960K, used 39488K [0x000000076ad80000, 0x000000076d780000, 0x00000007c0000000)
  eden space 39424K, 100% used [0x000000076ad80000,0x000000076d400000,0x000000076d400000)
  from space 1536K, 4% used [0x000000076d480000,0x000000076d490000,0x000000076d600000)
  to   space 1536K, 0% used [0x000000076d600000,0x000000076d600000,0x000000076d780000)
 ParOldGen       total 175104K, used 3507K [0x00000006c0800000, 0x00000006cb300000, 0x000000076ad80000)
  object space 175104K, 2% used [0x00000006c0800000,0x00000006c0b6cef0,0x00000006cb300000)
 Metaspace       used 12910K, capacity 13148K, committed 13312K, reserved 1060864K
  class space    used 1616K, capacity 1708K, committed 1792K, reserved 1048576K
Event: 15.042 GC heap after
Heap after GC invocations=38 (full 0):
 PSYoungGen      total 39424K, used 96K [0x000000076ad80000, 0x000000076d680000, 0x00000007c0000000)
  eden space 38912K, 0% used [0x000000076ad80000,0x000000076ad80000,0x000000076d380000)
  from space 512K, 18% used [0x000000076d600000,0x000000076d618000,0x000000076d680000)
  to   space 1536K, 0% used [0x000000076d380000,0x000000076d380000,0x000000076d500000)
 ParOldGen       total 175104K, used 3507K [0x00000006c0800000, 0x00000006cb300000, 0x000000076ad80000)
  object space 175104K, 2% used [0x00000006c0800000,0x00000006c0b6cef0,0x00000006cb300000)
 Metaspace       used 12910K, capacity 13148K, committed 13312K, reserved 1060864K
  class space    used 1616K, capacity 1708K, committed 1792K, reserved 1048576K
}
Event: 15.272 GC heap before
{Heap before GC invocations=39 (full 0):
 PSYoungGen      total 39424K, used 39008K [0x000000076ad80000, 0x000000076d680000, 0x00000007c0000000)
  eden space 38912K, 100% used [0x000000076ad80000,0x000000076d380000,0x000000076d380000)
  from space 512K, 18% used [0x000000076d600000,0x000000076d618000,0x000000076d680000)
  to   space 1536K, 0% used [0x000000076d380000,0x000000076d380000,0x000000076d500000)
 ParOldGen       total 175104K, used 3507K [0x00000006c0800000, 0x00000006cb300000, 0x000000076ad80000)
  object space 175104K, 2% used [0x00000006c0800000,0x00000006c0b6cef0,0x00000006cb300000)
 Metaspace       used 12910K, capacity 13148K, committed 13312K, reserved 1060864K
  class space    used 1616K, capacity 1708K, committed 1792K, reserved 1048576K
Event: 15.273 GC heap after
Heap after GC invocations=39 (full 0):
 PSYoungGen      total 39936K, used 96K [0x000000076ad80000, 0x000000076d680000, 0x00000007c0000000)
  eden space 38400K, 0% used [0x000000076ad80000,0x000000076ad80000,0x000000076d300000)
  from space 1536K, 6% used [0x000000076d380000,0x000000076d398000,0x000000076d500000)
  to   space 1536K, 0% used [0x000000076d500000,0x000000076d500000,0x000000076d680000)
 ParOldGen       total 175104K, used 3507K [0x00000006c0800000, 0x00000006cb300000, 0x000000076ad80000)
  object space 175104K, 2% used [0x00000006c0800000,0x00000006c0b6cef0,0x00000006cb300000)
 Metaspace       used 12910K, capacity 13148K, committed 13312K, reserved 1060864K
  class space    used 1616K, capacity 1708K, committed 1792K, reserved 1048576K
}
Event: 15.314 GC heap before
{Heap before GC invocations=40 (full 0):
 PSYoungGen      total 39936K, used 35436K [0x000000076ad80000, 0x000000076d680000, 0x00000007c0000000)
  eden space 38400K, 92% used [0x000000076ad80000,0x000000076d003368,0x000000076d300000)
  from space 1536K, 6% used [0x000000076d380000,0x000000076d398000,0x000000076d500000)
  to   space 1536K, 0% used [0x000000076d500000,0x000000076d500000,0x000000076d680000)
 ParOldGen       total 175104K, used 3507K [0x00000006c0800000, 0x00000006cb300000, 0x000000076ad80000)
  object space 175104K, 2% used [0x00000006c0800000,0x00000006c0b6cef0,0x00000006cb300000)
 Metaspace       used 12919K, capacity 13148K, committed 13312K, reserved 1060864K
  class space    used 1617K, capacity 1708K, committed 1792K, reserved 1048576K
Event: 15.328 GC heap after
Heap after GC invocations=40 (full 0):
 PSYoungGen      total 40960K, used 128K [0x000000076ad80000, 0x000000076de80000, 0x00000007c0000000)
  eden space 39424K, 0% used [0x000000076ad80000,0x000000076ad80000,0x000000076d400000)
  from space 1536K, 8% used [0x000000076d500000,0x000000076d520000,0x000000076d680000)
  to   space 1024K, 0% used [0x000000076d400000,0x000000076d400000,0x000000076d500000)
 ParOldGen       total 175104K, used 24889K [0x00000006c0800000, 0x00000006cb300000, 0x000000076ad80000)
  object space 175104K, 14% used [0x00000006c0800000,0x00000006c204e700,0x00000006cb300000)
 Metaspace       used 12919K, capacity 13148K, committed 13312K, reserved 1060864K
  class space    used 1617K, capacity 1708K, committed 1792K, reserved 1048576K
}
Event: 18.424 GC heap before
{Heap before GC invocations=41 (full 0):
 PSYoungGen      total 40960K, used 16299K [0x000000076ad80000, 0x000000076de80000, 0x00000007c0000000)
  eden space 39424K, 41% used [0x000000076ad80000,0x000000076bd4aee8,0x000000076d400000)
  from space 1536K, 8% used [0x000000076d500000,0x000000076d520000,0x000000076d680000)
  to   space 1024K, 0% used [0x000000076d400000,0x000000076d400000,0x000000076d500000)
 ParOldGen       total 2790912K, used 2748973K [0x00000006c0800000, 0x000000076ad80000, 0x000000076ad80000)
  object space 2790912K, 98% used [0x00000006c0800000,0x000000076848b440,0x000000076ad80000)
 Metaspace       used 12919K, capacity 13148K, committed 13312K, reserved 1060864K
  class space    used 1617K, capacity 1708K, committed 1792K, reserved 1048576K
Event: 18.596 GC heap after
Heap after GC invocations=41 (full 0):
 PSYoungGen      total 40448K, used 128K [0x000000076ad80000, 0x000000076de80000, 0x00000007c0000000)
  eden space 39424K, 0% used [0x000000076ad80000,0x000000076ad80000,0x000000076d400000)
  from space 1024K, 12% used [0x000000076d400000,0x000000076d420000,0x000000076d500000)
  to   space 1024K, 0% used [0x000000076dd80000,0x000000076dd80000,0x000000076de80000)
 ParOldGen       total 2790912K, used 2748997K [0x00000006c0800000, 0x000000076ad80000, 0x000000076ad80000)
  object space 2790912K, 98% used [0x00000006c0800000,0x0000000768491440,0x000000076ad80000)
 Metaspace       used 12919K, capacity 13148K, committed 13312K, reserved 1060864K
  class space    used 1617K, capacity 1708K, committed 1792K, reserved 1048576K
}
Event: 18.596 GC heap before
{Heap before GC invocations=42 (full 1):
 PSYoungGen      total 40448K, used 128K [0x000000076ad80000, 0x000000076de80000, 0x00000007c0000000)
  eden space 39424K, 0% used [0x000000076ad80000,0x000000076ad80000,0x000000076d400000)
  from space 1024K, 12% used [0x000000076d400000,0x000000076d420000,0x000000076d500000)
  to   space 1024K, 0% used [0x000000076dd80000,0x000000076dd80000,0x000000076de80000)
 ParOldGen       total 2790912K, used 2748997K [0x00000006c0800000, 0x000000076ad80000, 0x000000076ad80000)
  object space 2790912K, 98% used [0x00000006c0800000,0x0000000768491440,0x000000076ad80000)
 Metaspace       used 12919K, capacity 13148K, committed 13312K, reserved 1060864K
  class space    used 1617K, capacity 1708K, committed 1792K, reserved 1048576K

Deoptimization events (10 events):
Event: 2.605 Thread 0x000002123d5a3000 Uncommon trap: reason=unstable_if action=reinterpret pc=0x0000021222ddefdc method=java.util.ArrayList.clear()V @ 17
Event: 4.189 Thread 0x000002123d5a3000 Uncommon trap: reason=unstable_if action=reinterpret pc=0x0000021222e5cdd0 method=java.util.concurrent.locks.AbstractQueuedSynchronizer.release(I)Z @ 21
Event: 6.223 Thread 0x000002123d5a3000 Uncommon trap: reason=unstable_if action=reinterpret pc=0x0000021222de1acc method=java.util.ArrayList.clear()V @ 17
Event: 7.152 Thread 0x000002123d5a3000 Uncommon trap: reason=unstable_if action=reinterpret pc=0x0000021222e786d0 method=Cell.draw(Ljava/awt/Graphics;Ljava/awt/Color;)V @ 4
Event: 7.159 Thread 0x000002123d5a3000 Uncommon trap: reason=unstable_if action=reinterpret pc=0x0000021222e42374 method=Cell.draw(Ljava/awt/Graphics;Ljava/awt/Color;)V @ 4
Event: 7.596 Thread 0x000002123d5a3000 Uncommon trap: reason=unstable_if action=reinterpret pc=0x00000212231f8f14 method=sun.java2d.pipe.BufferedRenderPipe$BufferedDrawHandler.drawScanline(III)V @ 4
Event: 9.156 Thread 0x000002123d5a3000 Uncommon trap: reason=class_check action=maybe_recompile pc=0x00000212231a0e7c method=java.awt.EventQueue.coalesceEvent(Ljava/awt/AWTEvent;I)Z @ 77
Event: 9.639 Thread 0x000002123d5a3000 Uncommon trap: reason=unstable_if action=reinterpret pc=0x0000021223084c58 method=Cell.draw(Ljava/awt/Graphics;Ljava/awt/Color;)V @ 4
Event: 11.667 Thread 0x000002123d5a3000 Uncommon trap: reason=class_check action=maybe_recompile pc=0x00000212231a0e7c method=java.awt.EventQueue.coalesceEvent(Ljava/awt/AWTEvent;I)Z @ 77
Event: 15.516 Thread 0x0000021246f80000 Uncommon trap: reason=unstable_if action=reinterpret pc=0x0000021223232868 method=sun.java2d.StateTrackableDelegate$1.isCurrent()Z @ 8

Classes redefined (0 events):
No events

Internal exceptions (10 events):
Event: 0.257 Thread 0x000002122129f000 Exception <a 'java/lang/ClassNotFoundException': ToolBar> (0x000000076b2c9ca0) thrown at [C:\jenkins\workspace\8-2-build-windows-amd64-cygwin\jdk8u331\2416\hotspot\src\share\vm\classfile\systemDictionary.cpp, line 212]
Event: 0.257 Thread 0x000002122129f000 Exception <a 'java/lang/ClassNotFoundException': ToggleButton> (0x000000076b2ca250) thrown at [C:\jenkins\workspace\8-2-build-windows-amd64-cygwin\jdk8u331\2416\hotspot\src\share\vm\classfile\systemDictionary.cpp, line 212]
Event: 0.257 Thread 0x000002122129f000 Exception <a 'java/lang/ClassNotFoundException': javax/swing/JToolBarSeparator> (0x000000076b2ca6b0) thrown at [C:\jenkins\workspace\8-2-build-windows-amd64-cygwin\jdk8u331\2416\hotspot\src\share\vm\classfile\systemDictionary.cpp, line 212]
Event: 0.257 Thread 0x000002122129f000 Exception <a 'java/lang/ClassNotFoundException': ToolBarSeparator> (0x000000076b2cab48) thrown at [C:\jenkins\workspace\8-2-build-windows-amd64-cygwin\jdk8u331\2416\hotspot\src\share\vm\classfile\systemDictionary.cpp, line 212]
Event: 0.257 Thread 0x000002122129f000 Exception <a 'java/lang/ClassNotFoundException': ToolTip> (0x000000076b2cb288) thrown at [C:\jenkins\workspace\8-2-build-windows-amd64-cygwin\jdk8u331\2416\hotspot\src\share\vm\classfile\systemDictionary.cpp, line 212]
Event: 0.258 Thread 0x000002122129f000 Exception <a 'java/lang/ClassNotFoundException': Tree> (0x000000076b2cbea8) thrown at [C:\jenkins\workspace\8-2-build-windows-amd64-cygwin\jdk8u331\2416\hotspot\src\share\vm\classfile\systemDictionary.cpp, line 212]
Event: 0.258 Thread 0x000002122129f000 Exception <a 'java/lang/ClassNotFoundException': Tree> (0x000000076b2cc5e8) thrown at [C:\jenkins\workspace\8-2-build-windows-amd64-cygwin\jdk8u331\2416\hotspot\src\share\vm\classfile\systemDictionary.cpp, line 212]
Event: 0.258 Thread 0x000002122129f000 Exception <a 'java/lang/ClassNotFoundException': javax/swing/JTreeCell> (0x000000076b2cc968) thrown at [C:\jenkins\workspace\8-2-build-windows-amd64-cygwin\jdk8u331\2416\hotspot\src\share\vm\classfile\systemDictionary.cpp, line 212]
Event: 0.258 Thread 0x000002122129f000 Exception <a 'java/lang/ClassNotFoundException': TreeCell> (0x000000076b2ccdf0) thrown at [C:\jenkins\workspace\8-2-build-windows-amd64-cygwin\jdk8u331\2416\hotspot\src\share\vm\classfile\systemDictionary.cpp, line 212]
Event: 0.258 Thread 0x000002122129f000 Exception <a 'java/lang/ClassNotFoundException': RootPane> (0x000000076b2cd850) thrown at [C:\jenkins\workspace\8-2-build-windows-amd64-cygwin\jdk8u331\2416\hotspot\src\share\vm\classfile\systemDictionary.cpp, line 212]

Events (10 events):
Event: 15.272 Executing VM operation: ParallelGCFailedAllocation
Event: 15.273 Executing VM operation: ParallelGCFailedAllocation done
Event: 15.293 loading class java/awt/KeyboardFocusManager$5
Event: 15.293 loading class java/awt/KeyboardFocusManager$5 done
Event: 15.314 Executing VM operation: ParallelGCFailedAllocation
Event: 15.328 Executing VM operation: ParallelGCFailedAllocation done
Event: 15.516 Thread 0x0000021246f80000 Uncommon trap: trap_request=0xffffff65 fr.pc=0x0000021223232868
Event: 15.516 Thread 0x0000021246f80000 DEOPT PACKING pc=0x0000021223232868 sp=0x000000a54980ecd0
Event: 15.516 Thread 0x0000021246f80000 DEOPT UNPACKING pc=0x0000021222c458c3 sp=0x000000a54980ec18 mode 2
Event: 18.424 Executing VM operation: ParallelGCFailedAllocation


Dynamic libraries:
0x00007ff6316e0000 - 0x00007ff631727000 	C:\Program Files\Java\jdk1.8.0_331\bin\java.exe
0x00007ffd3a690000 - 0x00007ffd3a885000 	C:\WINDOWS\SYSTEM32\ntdll.dll
0x00007ffd39a80000 - 0x00007ffd39b3d000 	C:\WINDOWS\System32\KERNEL32.DLL
0x00007ffd38070000 - 0x00007ffd3833d000 	C:\WINDOWS\System32\KERNELBASE.dll
0x00007ffd39720000 - 0x00007ffd397ce000 	C:\WINDOWS\System32\ADVAPI32.dll
0x00007ffd38fc0000 - 0x00007ffd3905e000 	C:\WINDOWS\System32\msvcrt.dll
0x00007ffd38ca0000 - 0x00007ffd38d3c000 	C:\WINDOWS\System32\sechost.dll
0x00007ffd3a350000 - 0x00007ffd3a475000 	C:\WINDOWS\System32\RPCRT4.dll
0x00007ffd3a480000 - 0x00007ffd3a620000 	C:\WINDOWS\System32\USER32.dll
0x00007ffd37f30000 - 0x00007ffd37f52000 	C:\WINDOWS\System32\win32u.dll
0x00007ffd39b40000 - 0x00007ffd39b6a000 	C:\WINDOWS\System32\GDI32.dll
0x00007ffd37d70000 - 0x00007ffd37e7b000 	C:\WINDOWS\System32\gdi32full.dll
0x00007ffd37f60000 - 0x00007ffd37ffd000 	C:\WINDOWS\System32\msvcp_win.dll
0x00007ffd383d0000 - 0x00007ffd384d0000 	C:\WINDOWS\System32\ucrtbase.dll
0x00007ffd29610000 - 0x00007ffd298aa000 	C:\WINDOWS\WinSxS\amd64_microsoft.windows.common-controls_6595b64144ccf1df_6.0.19041.1110_none_60b5254171f9507e\COMCTL32.dll
0x00007ffd395e0000 - 0x00007ffd39610000 	C:\WINDOWS\System32\IMM32.DLL
0x00007ffd27d30000 - 0x00007ffd27d45000 	C:\Program Files\Java\jdk1.8.0_331\jre\bin\vcruntime140.dll
0x00007ffd0b7c0000 - 0x00007ffd0b85b000 	C:\Program Files\Java\jdk1.8.0_331\jre\bin\msvcp140.dll
0x0000000074d70000 - 0x00000000755d1000 	C:\Program Files\Java\jdk1.8.0_331\jre\bin\server\jvm.dll
0x00007ffd39a70000 - 0x00007ffd39a78000 	C:\WINDOWS\System32\PSAPI.DLL
0x00007ffd2b790000 - 0x00007ffd2b7b7000 	C:\WINDOWS\SYSTEM32\WINMM.dll
0x00007ffd325e0000 - 0x00007ffd325ea000 	C:\WINDOWS\SYSTEM32\VERSION.dll
0x00007ffd27d50000 - 0x00007ffd27d59000 	C:\WINDOWS\SYSTEM32\WSOCK32.dll
0x00007ffd397d0000 - 0x00007ffd3983b000 	C:\WINDOWS\System32\ws2_32.DLL
0x00007ffd35c90000 - 0x00007ffd35ca2000 	C:\WINDOWS\SYSTEM32\kernel.appcore.dll
0x00007ffd20da0000 - 0x00007ffd20db0000 	C:\Program Files\Java\jdk1.8.0_331\jre\bin\verify.dll
0x00007ffd1afb0000 - 0x00007ffd1afdb000 	C:\Program Files\Java\jdk1.8.0_331\jre\bin\java.dll
0x00007ffd18680000 - 0x00007ffd18698000 	C:\Program Files\Java\jdk1.8.0_331\jre\bin\zip.dll
0x00007ffd39c00000 - 0x00007ffd3a344000 	C:\WINDOWS\System32\SHELL32.dll
0x00007ffd35e90000 - 0x00007ffd36624000 	C:\WINDOWS\SYSTEM32\windows.storage.dll
0x00007ffd39150000 - 0x00007ffd394a4000 	C:\WINDOWS\System32\combase.dll
0x00007ffd377d0000 - 0x00007ffd377fc000 	C:\WINDOWS\SYSTEM32\Wldp.dll
0x00007ffd386b0000 - 0x00007ffd3875d000 	C:\WINDOWS\System32\SHCORE.dll
0x00007ffd38c40000 - 0x00007ffd38c95000 	C:\WINDOWS\System32\shlwapi.dll
0x00007ffd37cb0000 - 0x00007ffd37ccf000 	C:\WINDOWS\SYSTEM32\profapi.dll
0x00007ffcef5e0000 - 0x00007ffcef775000 	C:\Program Files\Java\jdk1.8.0_331\jre\bin\awt.dll
0x00007ffd38e70000 - 0x00007ffd38f3d000 	C:\WINDOWS\System32\OLEAUT32.dll
0x00007ffd355d0000 - 0x00007ffd35660000 	C:\WINDOWS\SYSTEM32\apphelp.dll
0x00007ffd35710000 - 0x00007ffd357ae000 	C:\WINDOWS\system32\uxtheme.dll
0x00007ffcfaec0000 - 0x00007ffcfb0a1000 	C:\Program Files (x86)\Stardock\Fences\FencesMenu64.dll
0x00007ffd394b0000 - 0x00007ffd395da000 	C:\WINDOWS\System32\ole32.dll
0x00007ffd33520000 - 0x00007ffd33534000 	C:\WINDOWS\SYSTEM32\WTSAPI32.dll
0x00007ffd37c30000 - 0x00007ffd37c5e000 	C:\WINDOWS\SYSTEM32\USERENV.dll
0x00007ffd21070000 - 0x00007ffd21215000 	C:\WINDOWS\WinSxS\amd64_microsoft.windows.gdiplus_6595b64144ccf1df_1.1.19041.1706_none_919e8e54cc8d4ca1\gdiplus.dll
0x00007ffd38d50000 - 0x00007ffd38e65000 	C:\WINDOWS\System32\MSCTF.dll
0x00007ffd38340000 - 0x00007ffd383c2000 	C:\WINDOWS\System32\bcryptPrimitives.dll
0x00007ffd35ab0000 - 0x00007ffd35adf000 	C:\WINDOWS\system32\DWMAPI.DLL
0x00007ffd11a40000 - 0x00007ffd11a89000 	C:\Program Files\Java\jdk1.8.0_331\jre\bin\fontmanager.dll
0x00007ffcdb1c0000 - 0x00007ffcdb2e6000 	C:\WINDOWS\system32\opengl32.dll
0x00007ffd16410000 - 0x00007ffd1643c000 	C:\WINDOWS\SYSTEM32\GLU32.dll
0x00007ffd2e520000 - 0x00007ffd2e6ef000 	C:\WINDOWS\system32\d3d9.dll
0x00007ffd256c0000 - 0x00007ffd25770000 	C:\WINDOWS\System32\DriverStore\FileRepository\nv_dispig.inf_amd64_4d7400884d0d52e3\nvldumdx.dll
0x00007ffd37960000 - 0x00007ffd37972000 	C:\WINDOWS\SYSTEM32\msasn1.dll
0x00007ffd31da0000 - 0x00007ffd31dd1000 	C:\WINDOWS\SYSTEM32\cryptnet.dll
0x00007ffd38550000 - 0x00007ffd386a6000 	C:\WINDOWS\System32\CRYPT32.dll
0x00007ffd31ae0000 - 0x00007ffd31c28000 	C:\WINDOWS\SYSTEM32\drvstore.dll
0x00007ffd37b20000 - 0x00007ffd37b4c000 	C:\WINDOWS\SYSTEM32\devobj.dll
0x00007ffd38500000 - 0x00007ffd3854e000 	C:\WINDOWS\System32\cfgmgr32.dll
0x00007ffd37740000 - 0x00007ffd3774c000 	C:\WINDOWS\SYSTEM32\cryptbase.dll
0x00007ffd38000000 - 0x00007ffd38068000 	C:\WINDOWS\System32\WINTRUST.DLL
0x00007ffd398a0000 - 0x00007ffd398bd000 	C:\WINDOWS\System32\imagehlp.dll
0x00007ffd37720000 - 0x00007ffd37738000 	C:\WINDOWS\SYSTEM32\CRYPTSP.dll
0x00007ffd36e40000 - 0x00007ffd36e74000 	C:\WINDOWS\system32\rsaenh.dll
0x00007ffd384d0000 - 0x00007ffd384f7000 	C:\WINDOWS\System32\bcrypt.dll
0x00007ffcd6a00000 - 0x00007ffcd8188000 	C:\WINDOWS\System32\DriverStore\FileRepository\nv_dispig.inf_amd64_4d7400884d0d52e3\nvd3dumx.dll
0x00007ffcfba20000 - 0x00007ffcfbce7000 	C:\WINDOWS\system32\nvspcap64.dll
0x00007ffd36a70000 - 0x00007ffd36aa3000 	C:\WINDOWS\SYSTEM32\ntmarta.dll
0x00007ffd36640000 - 0x00007ffd36663000 	C:\WINDOWS\SYSTEM32\gpapi.dll
0x00007ffd27b50000 - 0x00007ffd27b8b000 	C:\WINDOWS\SYSTEM32\dxcore.dll
0x00007ffd17900000 - 0x00007ffd1791c000 	C:\Program Files\Java\jdk1.8.0_331\jre\bin\net.dll
0x00007ffd37530000 - 0x00007ffd3759a000 	C:\WINDOWS\system32\mswsock.dll
0x00007ffd17760000 - 0x00007ffd17773000 	C:\Program Files\Java\jdk1.8.0_331\jre\bin\nio.dll
0x00007ffd10ce0000 - 0x00007ffd10d23000 	C:\Program Files\Java\jdk1.8.0_331\jre\bin\t2k.dll
0x00007ffd1b1f0000 - 0x00007ffd1b2e9000 	C:\WINDOWS\SYSTEM32\textinputframework.dll
0x00007ffd353a0000 - 0x00007ffd35492000 	C:\WINDOWS\System32\CoreMessaging.dll
0x00007ffd35040000 - 0x00007ffd3539e000 	C:\WINDOWS\System32\CoreUIComponents.dll
0x00007ffd34970000 - 0x00007ffd34ac4000 	C:\WINDOWS\SYSTEM32\wintypes.dll
0x00007ffd16ea0000 - 0x00007ffd16eca000 	C:\Program Files\Java\jdk1.8.0_331\jre\bin\dcpr.dll
0x00007ffd2ae50000 - 0x00007ffd2b034000 	C:\WINDOWS\SYSTEM32\dbghelp.dll

VM Arguments:
jvm_args: -Dfile.encoding=UTF-8 
java_command: Frame
java_class_path (initial): D:\OneDrive\Dokumente\NetBeansProjects\AStar\build\classes
Launcher Type: SUN_STANDARD

Environment Variables:
PATH=C:\Program Files (x86)\Razer\ChromaBroadcast\bin;C:\Program Files\Razer\ChromaBroadcast\bin;C:\Program Files (x86)\Common Files\Oracle\Java\javapath;C:\WINDOWS\system32;C:\WINDOWS;C:\WINDOWS\System32\Wbem;C:\WINDOWS\System32\WindowsPowerShell\v1.0\;C:\WINDOWS\System32\OpenSSH\;C:\Users\radle\AppData\Local\Microsoft\WindowsApps;C:\Program Files\NVIDIA Corporation\NVIDIA NvDLISR;C:\Program Files (x86)\NVIDIA Corporation\PhysX\Common;C:\Users\radle\AppData\Local\Microsoft\WindowsApps;C:\Users\radle\AppData\Local\Programs\Microsoft VS Code\bin;C:\Users\radle\AppData\Local\MaxTo\;
USERNAME=radle
OS=Windows_NT
PROCESSOR_IDENTIFIER=Intel64 Family 6 Model 94 Stepping 3, GenuineIntel



---------------  S Y S T E M  ---------------

OS: Windows 10 , 64 bit Build 19041 (10.0.19041.1706)

CPU:total 4 (initial active 4) (4 cores per cpu, 1 threads per core) family 6 model 94 stepping 3, cmov, cx8, fxsr, mmx, sse, sse2, sse3, ssse3, sse4.1, sse4.2, popcnt, avx, avx2, aes, clmul, erms, rtm, 3dnowpref, lzcnt, tsc, tscinvbit, bmi1, bmi2, adx

Memory: 4k page, physical 16740472k(6052480k free), swap 33517688k(20172652k free)

vm_info: Java HotSpot(TM) 64-Bit Server VM (25.331-b09) for windows-amd64 JRE (1.8.0_331-b09), built on Mar 10 2022 03:14:38 by "java_re" with MS VC++ 15.9 (VS2017)

time: Sun May 22 15:42:26 2022
timezone: Mitteleuropäische Sommerzeit
elapsed time: 19.094271 seconds (0d 0h 0m 19s)

