#
# A fatal error has been detected by the Java Runtime Environment:
#
#  EXCEPTION_ACCESS_VIOLATION (0xc0000005) at pc=0x0000000074ea2f6b, pid=264, tid=0x0000000000001c10
#
# JRE version: Java(TM) SE Runtime Environment (8.0_331-b09) (build 1.8.0_331-b09)
# Java VM: Java HotSpot(TM) 64-Bit Server VM (25.331-b09 mixed mode windows-amd64 compressed oops)
# Problematic frame:
# V  [jvm.dll+0x132f6b]
#
# Failed to write core dump. Minidumps are not enabled by default on client versions of Windows
#
# If you would like to submit a bug report, please visit:
#   http://bugreport.java.com/bugreport/crash.jsp
#

---------------  T H R E A D  ---------------

Current thread (0x000001f67e9bb800):  JavaThread "*** Profiler Agent Communication Thread" daemon [_thread_in_vm, id=7184, stack(0x0000000dd9b00000,0x0000000dd9c00000)]

siginfo: ExceptionCode=0xc0000005, reading address 0x000000007f981a78

Registers:
RAX=0x0000000dd9bff001, RBX=0x000001f67e9bb800, RCX=0x000000007f981a78, RDX=0x000001f67e9bb800
RSP=0x0000000dd9bff050, RBP=0x000000007f981a78, RSI=0x000001f67a6da130, RDI=0x0000000dd9bff170
R8 =0x0000000dd9bff170, R9 =0x00000000000000b3, R10=0x0000000000000000, R11=0x0000000dd9bfec01
R12=0x000001f6220572f0, R13=0x000000000000017e, R14=0x00007ffd33b69c68, R15=0x00007ffd33b69a60
RIP=0x0000000074ea2f6b, EFLAGS=0x0000000000010206

Top of Stack: (sp=0x0000000dd9bff050)
0x0000000dd9bff050:   0000000dd9bff200 0000000074ed0783
0x0000000dd9bff060:   000001f67e9bb800 0000000dd9bff218
0x0000000dd9bff070:   000001f67e9bb800 00000000750b094d
0x0000000dd9bff080:   0000000000003bb0 000001f67e9bb800
0x0000000dd9bff090:   000001f67e9bba00 00007ffd38fd9d40
0x0000000dd9bff0a0:   000001f67e9bb800 0000000000000000
0x0000000dd9bff0b0:   000001f600000000 0000000000000000
0x0000000dd9bff0c0:   000000007f981a78 00007ffd33b634da
0x0000000dd9bff0d0:   0000000000000000 000001f67e9bba00
0x0000000dd9bff0e0:   000001f67dd3cfc8 0000000000000039
0x0000000dd9bff0f0:   000001f6220572f0 000001f67e954de0
0x0000000dd9bff100:   000001f67deb8bc0 000001f67e9bb800
0x0000000dd9bff110:   000001f67deb8bc0 000001f67e9bb800
0x0000000dd9bff120:   000001f600007e40 000001f67dd3cfc8
0x0000000dd9bff130:   000001f67e9bb800 000001f67deb8bc0
0x0000000dd9bff140:   0000000000000000 000001f600007e40 

Instructions: (pc=0x0000000074ea2f6b)
0x0000000074ea2f4b:   cc cc cc cc cc 48 89 11 c3 cc cc cc cc cc cc cc
0x0000000074ea2f5b:   cc cc cc cc cc 40 53 48 83 ec 20 48 85 c9 74 24
0x0000000074ea2f6b:   48 8b 19 48 85 db 74 1c 48 83 fb 37 74 16 48 8b
0x0000000074ea2f7b:   13 48 8b cb ff 52 10 84 c0 74 09 48 8b c3 48 83 


Register to memory mapping:

RAX=0x0000000dd9bff001 is pointing into the stack for thread: 0x000001f67e9bb800
RBX=0x000001f67e9bb800 is a thread
RCX=0x000000007f981a78 is an unknown value
RDX=0x000001f67e9bb800 is a thread
RSP=0x0000000dd9bff050 is pointing into the stack for thread: 0x000001f67e9bb800
RBP=0x000000007f981a78 is an unknown value
RSI=0x000001f67a6da130 is an unknown value
RDI=0x0000000dd9bff170 is pointing into the stack for thread: 0x000001f67e9bb800
R8 =0x0000000dd9bff170 is pointing into the stack for thread: 0x000001f67e9bb800
R9 =0x00000000000000b3 is an unknown value
R10=0x0000000000000000 is an unknown value
R11=0x0000000dd9bfec01 is pointing into the stack for thread: 0x000001f67e9bb800
R12=0x000001f6220572f0 is an unknown value
R13=0x000000000000017e is an unknown value
R14=0x00007ffd33b69c68 is an unknown value
R15=0x00007ffd33b69a60 is an unknown value


Stack: [0x0000000dd9b00000,0x0000000dd9c00000],  sp=0x0000000dd9bff050,  free space=1020k
Native frames: (J=compiled Java code, j=interpreted, Vv=VM code, C=native code)
V  [jvm.dll+0x132f6b]
V  [jvm.dll+0x34094d]
C  [profilerinterface.dll+0x34da]
C  0x000001f60001a02e

Java frames: (J=compiled Java code, j=interpreted, Vv=VM code)
j  org.netbeans.lib.profiler.server.system.Stacks.getMethodNamesForJMethodIds(I[I[I)[B+0
j  org.netbeans.lib.profiler.server.ProfilerInterface.getMethodNamesForJMethodIds([I)Lorg/netbeans/lib/profiler/wireprotocol/MethodNamesResponse;+20
j  org.netbeans.lib.profiler.server.ProfilerServer.handleClientCommand(Lorg/netbeans/lib/profiler/wireprotocol/Command;)V+691
j  org.netbeans.lib.profiler.server.ProfilerServer.listenToClient()V+48
j  org.netbeans.lib.profiler.server.ProfilerServer.run()V+22
v  ~StubRoutines::call_stub

---------------  P R O C E S S  ---------------

Java Threads: ( => current thread )
  0x000001f61f439800 JavaThread "D3D Screen Updater" daemon [_thread_blocked, id=9740, stack(0x0000000ddad00000,0x0000000ddae00000)]
  0x000001f67a6e1800 JavaThread "DestroyJavaVM" [_thread_blocked, id=11304, stack(0x0000000dd9100000,0x0000000dd9200000)]
  0x000001f67f9cb800 JavaThread "AWT-EventQueue-0" [_thread_blocked, id=7312, stack(0x0000000dda700000,0x0000000dda800000)]
  0x000001f67fb72000 JavaThread "AWT-Windows" daemon [_thread_blocked, id=15500, stack(0x0000000dda600000,0x0000000dda700000)]
  0x000001f67fb6f000 JavaThread "AWT-Shutdown" [_thread_blocked, id=10164, stack(0x0000000dda500000,0x0000000dda600000)]
  0x000001f617731800 JavaThread "Java2D Disposer" daemon [_thread_blocked, id=13636, stack(0x0000000dda400000,0x0000000dda500000)]
  0x000001f67f8ef800 JavaThread "Service Thread" daemon [_thread_blocked, id=15488, stack(0x0000000dda200000,0x0000000dda300000)]
  0x000001f67f907000 JavaThread "C1 CompilerThread2" daemon [_thread_blocked, id=13724, stack(0x0000000dda100000,0x0000000dda200000)]
  0x000001f67f906000 JavaThread "C2 CompilerThread1" daemon [_thread_blocked, id=16344, stack(0x0000000dda000000,0x0000000dda100000)]
  0x000001f67f938800 JavaThread "C2 CompilerThread0" daemon [_thread_blocked, id=16784, stack(0x0000000dd9e00000,0x0000000dd9f00000)]
  0x000001f67f939800 JavaThread "*** Profiler Agent Special Execution Thread 10" daemon [_thread_blocked, id=11000, stack(0x0000000dd9f00000,0x0000000dda000000)]
  0x000001f67ea2a800 JavaThread "*** Profiler Agent Special Execution Thread 6" daemon [_thread_blocked, id=17260, stack(0x0000000dd9d00000,0x0000000dd9e00000)]
  0x000001f67f873800 JavaThread "*** JFluid Monitor thread ***" daemon [_thread_blocked, id=13972, stack(0x0000000dd9c00000,0x0000000dd9d00000)]
=>0x000001f67e9bb800 JavaThread "*** Profiler Agent Communication Thread" daemon [_thread_in_vm, id=7184, stack(0x0000000dd9b00000,0x0000000dd9c00000)]
  0x000001f67e94d800 JavaThread "Attach Listener" daemon [_thread_blocked, id=10776, stack(0x0000000dd9a00000,0x0000000dd9b00000)]
  0x000001f67e94c800 JavaThread "Signal Dispatcher" daemon [_thread_blocked, id=15680, stack(0x0000000dd9900000,0x0000000dd9a00000)]
  0x000001f67e1fc800 JavaThread "Finalizer" daemon [_thread_blocked, id=16208, stack(0x0000000dd9800000,0x0000000dd9900000)]
  0x000001f67e1fa800 JavaThread "Reference Handler" daemon [_thread_blocked, id=3584, stack(0x0000000dd9700000,0x0000000dd9800000)]

Other Threads:
  0x000001f67e903800 VMThread [stack: 0x0000000dd9600000,0x0000000dd9700000] [id=2364]
  0x000001f67fa7c000 WatcherThread [stack: 0x0000000dda300000,0x0000000dda400000] [id=1572]

VM state:synchronizing (normal execution)

VM Mutex/Monitor currently owned by a thread:  ([mutex/lock_event])
[0x000001f67a6ddb60] Threads_lock - owner thread: 0x000001f67e903800

heap address: 0x00000006c0800000, size: 4088 MB, Compressed Oops mode: Zero based, Oop shift amount: 3
Narrow klass base: 0x0000000000000000, Narrow klass shift: 3
Compressed class space size: 1073741824 Address: 0x00000007c0000000

Heap:
 PSYoungGen      total 76288K, used 23457K [0x000000076ad80000, 0x0000000770280000, 0x00000007c0000000)
  eden space 65536K, 35% used [0x000000076ad80000,0x000000076c468530,0x000000076ed80000)
  from space 10752K, 0% used [0x000000076f800000,0x000000076f800000,0x0000000770280000)
  to   space 10752K, 0% used [0x000000076ed80000,0x000000076ed80000,0x000000076f800000)
 ParOldGen       total 175104K, used 0K [0x00000006c0800000, 0x00000006cb300000, 0x000000076ad80000)
  object space 175104K, 0% used [0x00000006c0800000,0x00000006c0800000,0x00000006cb300000)
 Metaspace       used 15730K, capacity 15970K, committed 16256K, reserved 1062912K
  class space    used 2022K, capacity 2097K, committed 2176K, reserved 1048576K

Card table byte_map: [0x000001f67c350000,0x000001f67cb50000] byte_map_base: 0x000001f678d4c000

Marking Bits: (ParMarkBitMap*) 0x0000000075559030
 Begin Bits: [0x000001f60f000000, 0x000001f612fe0000)
 End Bits:   [0x000001f612fe0000, 0x000001f616fc0000)

Polling page: 0x000001f67bf60000

CodeCache: size=245760Kb used=3232Kb max_used=3232Kb free=242527Kb
 bounds [0x000001f600000000, 0x000001f600330000, 0x000001f60f000000]
 total_blobs=1452 nmethods=914 adapters=451
 compilation: enabled

Compilation events (10 events):
Event: 2.017 Thread 0x000001f67f906000 nmethod 905 0x000001f600328e10 code [0x000001f600328f40, 0x000001f600329098]
Event: 2.018 Thread 0x000001f67f907000  906       3       java.awt.Component::getCursor_NoClientCode (30 bytes)
Event: 2.018 Thread 0x000001f67f907000 nmethod 906 0x000001f600325350 code [0x000001f6003254e0, 0x000001f600325970]
Event: 2.021 Thread 0x000001f67f907000  907   !   3       java.util.WeakHashMap::expungeStaleEntries (139 bytes)
Event: 2.021 Thread 0x000001f67f907000 nmethod 907 0x000001f600327b50 code [0x000001f600327d20, 0x000001f600328830]
Event: 2.022 Thread 0x000001f67f907000  908       1       org.netbeans.lib.profiler.server.ThreadInfo::profilingSuspended (4 bytes)
Event: 2.022 Thread 0x000001f67f907000 nmethod 908 0x000001f600327890 code [0x000001f6003279e0, 0x000001f600327af8]
Event: 2.023 Thread 0x000001f67f907000  909       1       java.lang.reflect.Field::getDeclaringClass (5 bytes)
Event: 2.023 Thread 0x000001f67f907000 nmethod 909 0x000001f600327590 code [0x000001f6003276e0, 0x000001f6003277f8]
Event: 2.029 Thread 0x000001f67f907000  910       3       java.io.Bits::getInt (43 bytes)

GC Heap History (0 events):
No events

Deoptimization events (4 events):
Event: 1.509 Thread 0x000001f67f9cb800 Uncommon trap: reason=unstable_if action=reinterpret pc=0x000001f600197120 method=java.lang.AbstractStringBuilder.append(Ljava/lang/String;)Ljava/lang/AbstractStringBuilder; @ 1
Event: 1.557 Thread 0x000001f67fb72000 Uncommon trap: reason=unstable_if action=reinterpret pc=0x000001f60013f1a4 method=java.lang.CharacterDataLatin1.toUpperCase(I)I @ 21
Event: 1.650 Thread 0x000001f67f9cb800 Uncommon trap: reason=unstable_if action=reinterpret pc=0x000001f6001b5068 method=java.util.HashMap.getNode(ILjava/lang/Object;)Ljava/util/HashMap$Node; @ 84
Event: 1.650 Thread 0x000001f67f9cb800 Uncommon trap: reason=unstable_if action=reinterpret pc=0x000001f6001cd828 method=java.util.HashMap.getNode(ILjava/lang/Object;)Ljava/util/HashMap$Node; @ 84

Classes redefined (0 events):
No events

Internal exceptions (10 events):
Event: 1.260 Thread 0x000001f67a6e1800 Exception <a 'java/lang/ClassNotFoundException': ToggleButton> (0x000000076bcd3768) thrown at [C:\jenkins\workspace\8-2-build-windows-amd64-cygwin\jdk8u331\2416\hotspot\src\share\vm\classfile\systemDictionary.cpp, line 212]
Event: 1.260 Thread 0x000001f67a6e1800 Exception <a 'java/lang/ClassNotFoundException': javax/swing/JToolBarSeparator> (0x000000076bcd3bc8) thrown at [C:\jenkins\workspace\8-2-build-windows-amd64-cygwin\jdk8u331\2416\hotspot\src\share\vm\classfile\systemDictionary.cpp, line 212]
Event: 1.260 Thread 0x000001f67a6e1800 Exception <a 'java/lang/ClassNotFoundException': ToolBarSeparator> (0x000000076bcd4060) thrown at [C:\jenkins\workspace\8-2-build-windows-amd64-cygwin\jdk8u331\2416\hotspot\src\share\vm\classfile\systemDictionary.cpp, line 212]
Event: 1.260 Thread 0x000001f67a6e1800 Exception <a 'java/lang/ClassNotFoundException': ToolTip> (0x000000076bcd47a0) thrown at [C:\jenkins\workspace\8-2-build-windows-amd64-cygwin\jdk8u331\2416\hotspot\src\share\vm\classfile\systemDictionary.cpp, line 212]
Event: 1.261 Thread 0x000001f67a6e1800 Exception <a 'java/lang/ClassNotFoundException': Tree> (0x000000076bcd53c0) thrown at [C:\jenkins\workspace\8-2-build-windows-amd64-cygwin\jdk8u331\2416\hotspot\src\share\vm\classfile\systemDictionary.cpp, line 212]
Event: 1.261 Thread 0x000001f67a6e1800 Exception <a 'java/lang/ClassNotFoundException': Tree> (0x000000076bcd5b00) thrown at [C:\jenkins\workspace\8-2-build-windows-amd64-cygwin\jdk8u331\2416\hotspot\src\share\vm\classfile\systemDictionary.cpp, line 212]
Event: 1.261 Thread 0x000001f67a6e1800 Exception <a 'java/lang/ClassNotFoundException': javax/swing/JTreeCell> (0x000000076bcd5e80) thrown at [C:\jenkins\workspace\8-2-build-windows-amd64-cygwin\jdk8u331\2416\hotspot\src\share\vm\classfile\systemDictionary.cpp, line 212]
Event: 1.261 Thread 0x000001f67a6e1800 Exception <a 'java/lang/ClassNotFoundException': TreeCell> (0x000000076bcd6308) thrown at [C:\jenkins\workspace\8-2-build-windows-amd64-cygwin\jdk8u331\2416\hotspot\src\share\vm\classfile\systemDictionary.cpp, line 212]
Event: 1.261 Thread 0x000001f67a6e1800 Exception <a 'java/lang/ClassNotFoundException': RootPane> (0x000000076bcd6d68) thrown at [C:\jenkins\workspace\8-2-build-windows-amd64-cygwin\jdk8u331\2416\hotspot\src\share\vm\classfile\systemDictionary.cpp, line 212]
Event: 1.509 Thread 0x000001f67f9cb800 Implicit null exception at 0x000001f600196d56 to 0x000001f600197109

Events (10 events):
Event: 2.004 Executing VM operation: GetAllStackTraces
Event: 2.005 Executing VM operation: GetAllStackTraces done
Event: 2.020 Executing VM operation: GetAllStackTraces
Event: 2.020 Executing VM operation: GetAllStackTraces done
Event: 2.021 loading class org/netbeans/lib/profiler/wireprotocol/EventBufferDumpedCommand
Event: 2.021 loading class org/netbeans/lib/profiler/wireprotocol/EventBufferDumpedCommand done
Event: 2.025 loading class org/netbeans/lib/profiler/wireprotocol/DumpResultsResponse
Event: 2.025 loading class org/netbeans/lib/profiler/wireprotocol/DumpResultsResponse done
Event: 2.029 loading class org/netbeans/lib/profiler/wireprotocol/GetMethodNamesForJMethodIdsCommand
Event: 2.029 loading class org/netbeans/lib/profiler/wireprotocol/GetMethodNamesForJMethodIdsCommand done


Dynamic libraries:
0x00007ff6316e0000 - 0x00007ff631727000 	C:\Program Files\Java\jdk1.8.0_331\bin\java.exe
0x00007ffd3a690000 - 0x00007ffd3a885000 	C:\WINDOWS\SYSTEM32\ntdll.dll
0x00007ffd39a80000 - 0x00007ffd39b3d000 	C:\WINDOWS\System32\KERNEL32.DLL
0x00007ffd38070000 - 0x00007ffd3833d000 	C:\WINDOWS\System32\KERNELBASE.dll
0x00007ffd39720000 - 0x00007ffd397ce000 	C:\WINDOWS\System32\ADVAPI32.dll
0x00007ffd38fc0000 - 0x00007ffd3905e000 	C:\WINDOWS\System32\msvcrt.dll
0x00007ffd38ca0000 - 0x00007ffd38d3c000 	C:\WINDOWS\System32\sechost.dll
0x00007ffd3a350000 - 0x00007ffd3a475000 	C:\WINDOWS\System32\RPCRT4.dll
0x00007ffd3a480000 - 0x00007ffd3a620000 	C:\WINDOWS\System32\USER32.dll
0x00007ffd37f30000 - 0x00007ffd37f52000 	C:\WINDOWS\System32\win32u.dll
0x00007ffd39b40000 - 0x00007ffd39b6a000 	C:\WINDOWS\System32\GDI32.dll
0x00007ffd37d70000 - 0x00007ffd37e7b000 	C:\WINDOWS\System32\gdi32full.dll
0x00007ffd37f60000 - 0x00007ffd37ffd000 	C:\WINDOWS\System32\msvcp_win.dll
0x00007ffd383d0000 - 0x00007ffd384d0000 	C:\WINDOWS\System32\ucrtbase.dll
0x00007ffd29610000 - 0x00007ffd298aa000 	C:\WINDOWS\WinSxS\amd64_microsoft.windows.common-controls_6595b64144ccf1df_6.0.19041.1110_none_60b5254171f9507e\COMCTL32.dll
0x00007ffd395e0000 - 0x00007ffd39610000 	C:\WINDOWS\System32\IMM32.DLL
0x00007ffd27d30000 - 0x00007ffd27d45000 	C:\Program Files\Java\jdk1.8.0_331\jre\bin\vcruntime140.dll
0x00007ffd0b7c0000 - 0x00007ffd0b85b000 	C:\Program Files\Java\jdk1.8.0_331\jre\bin\msvcp140.dll
0x0000000074d70000 - 0x00000000755d1000 	C:\Program Files\Java\jdk1.8.0_331\jre\bin\server\jvm.dll
0x00007ffd39a70000 - 0x00007ffd39a78000 	C:\WINDOWS\System32\PSAPI.DLL
0x00007ffd325e0000 - 0x00007ffd325ea000 	C:\WINDOWS\SYSTEM32\VERSION.dll
0x00007ffd27d50000 - 0x00007ffd27d59000 	C:\WINDOWS\SYSTEM32\WSOCK32.dll
0x00007ffd2b790000 - 0x00007ffd2b7b7000 	C:\WINDOWS\SYSTEM32\WINMM.dll
0x00007ffd397d0000 - 0x00007ffd3983b000 	C:\WINDOWS\System32\WS2_32.dll
0x00007ffd35c90000 - 0x00007ffd35ca2000 	C:\WINDOWS\SYSTEM32\kernel.appcore.dll
0x00007ffd20da0000 - 0x00007ffd20db0000 	C:\Program Files\Java\jdk1.8.0_331\jre\bin\verify.dll
0x00007ffd1afb0000 - 0x00007ffd1afdb000 	C:\Program Files\Java\jdk1.8.0_331\jre\bin\java.dll
0x00007ffd33b60000 - 0x00007ffd33b6f000 	E:\Programme\NetBeans 8.2 RC\profiler\lib\deployed\jdk16\windows-amd64\profilerinterface.dll
0x00007ffd18680000 - 0x00007ffd18698000 	C:\Program Files\Java\jdk1.8.0_331\jre\bin\zip.dll
0x00007ffd39c00000 - 0x00007ffd3a344000 	C:\WINDOWS\System32\SHELL32.dll
0x00007ffd35e90000 - 0x00007ffd36624000 	C:\WINDOWS\SYSTEM32\windows.storage.dll
0x00007ffd39150000 - 0x00007ffd394a4000 	C:\WINDOWS\System32\combase.dll
0x00007ffd377d0000 - 0x00007ffd377fc000 	C:\WINDOWS\SYSTEM32\Wldp.dll
0x00007ffd386b0000 - 0x00007ffd3875d000 	C:\WINDOWS\System32\SHCORE.dll
0x00007ffd38c40000 - 0x00007ffd38c95000 	C:\WINDOWS\System32\shlwapi.dll
0x00007ffd37cb0000 - 0x00007ffd37ccf000 	C:\WINDOWS\SYSTEM32\profapi.dll
0x00007ffd17900000 - 0x00007ffd1791c000 	C:\Program Files\Java\jdk1.8.0_331\jre\bin\net.dll
0x00007ffd37530000 - 0x00007ffd3759a000 	C:\WINDOWS\system32\mswsock.dll
0x00007ffd27c70000 - 0x00007ffd27c7d000 	C:\Program Files\Java\jdk1.8.0_331\jre\bin\management.dll
0x00007ffd17760000 - 0x00007ffd17773000 	C:\Program Files\Java\jdk1.8.0_331\jre\bin\nio.dll
0x00007ffd37720000 - 0x00007ffd37738000 	C:\WINDOWS\SYSTEM32\CRYPTSP.dll
0x00007ffd36e40000 - 0x00007ffd36e74000 	C:\WINDOWS\system32\rsaenh.dll
0x00007ffd384d0000 - 0x00007ffd384f7000 	C:\WINDOWS\System32\bcrypt.dll
0x00007ffd37c30000 - 0x00007ffd37c5e000 	C:\WINDOWS\SYSTEM32\USERENV.dll
0x00007ffd38340000 - 0x00007ffd383c2000 	C:\WINDOWS\System32\bcryptprimitives.dll
0x00007ffd37740000 - 0x00007ffd3774c000 	C:\WINDOWS\SYSTEM32\CRYPTBASE.dll
0x00007ffd371d0000 - 0x00007ffd3720b000 	C:\WINDOWS\SYSTEM32\IPHLPAPI.DLL
0x00007ffd38d40000 - 0x00007ffd38d48000 	C:\WINDOWS\System32\NSI.dll
0x00007ffd32ab0000 - 0x00007ffd32ac7000 	C:\WINDOWS\SYSTEM32\dhcpcsvc6.DLL
0x00007ffd32a90000 - 0x00007ffd32aad000 	C:\WINDOWS\SYSTEM32\dhcpcsvc.DLL
0x00007ffd37220000 - 0x00007ffd372eb000 	C:\WINDOWS\SYSTEM32\DNSAPI.dll
0x00007ffcef5e0000 - 0x00007ffcef775000 	C:\Program Files\Java\jdk1.8.0_331\jre\bin\awt.dll
0x00007ffd38e70000 - 0x00007ffd38f3d000 	C:\WINDOWS\System32\OLEAUT32.dll
0x00007ffd355d0000 - 0x00007ffd35660000 	C:\WINDOWS\SYSTEM32\apphelp.dll
0x00007ffd35710000 - 0x00007ffd357ae000 	C:\WINDOWS\system32\uxtheme.dll
0x00007ffcfaec0000 - 0x00007ffcfb0a1000 	C:\Program Files (x86)\Stardock\Fences\FencesMenu64.dll
0x00007ffd394b0000 - 0x00007ffd395da000 	C:\WINDOWS\System32\ole32.dll
0x00007ffd33520000 - 0x00007ffd33534000 	C:\WINDOWS\SYSTEM32\WTSAPI32.dll
0x00007ffd21070000 - 0x00007ffd21215000 	C:\WINDOWS\WinSxS\amd64_microsoft.windows.gdiplus_6595b64144ccf1df_1.1.19041.1706_none_919e8e54cc8d4ca1\gdiplus.dll
0x00007ffd38d50000 - 0x00007ffd38e65000 	C:\WINDOWS\System32\MSCTF.dll
0x00007ffd35ab0000 - 0x00007ffd35adf000 	C:\WINDOWS\system32\DWMAPI.DLL
0x00007ffd11a40000 - 0x00007ffd11a89000 	C:\Program Files\Java\jdk1.8.0_331\jre\bin\fontmanager.dll
0x00007ffcdb1c0000 - 0x00007ffcdb2e6000 	C:\WINDOWS\system32\opengl32.dll
0x00007ffd16410000 - 0x00007ffd1643c000 	C:\WINDOWS\SYSTEM32\GLU32.dll
0x00007ffd2e520000 - 0x00007ffd2e6ef000 	C:\WINDOWS\system32\d3d9.dll
0x00007ffd256c0000 - 0x00007ffd25770000 	C:\WINDOWS\System32\DriverStore\FileRepository\nv_dispig.inf_amd64_4d7400884d0d52e3\nvldumdx.dll
0x00007ffd37960000 - 0x00007ffd37972000 	C:\WINDOWS\SYSTEM32\msasn1.dll
0x00007ffd31da0000 - 0x00007ffd31dd1000 	C:\WINDOWS\SYSTEM32\cryptnet.dll
0x00007ffd38550000 - 0x00007ffd386a6000 	C:\WINDOWS\System32\CRYPT32.dll
0x00007ffd31ae0000 - 0x00007ffd31c28000 	C:\WINDOWS\SYSTEM32\drvstore.dll
0x00007ffd37b20000 - 0x00007ffd37b4c000 	C:\WINDOWS\SYSTEM32\devobj.dll
0x00007ffd38500000 - 0x00007ffd3854e000 	C:\WINDOWS\System32\cfgmgr32.dll
0x00007ffd38000000 - 0x00007ffd38068000 	C:\WINDOWS\System32\WINTRUST.DLL
0x00007ffd398a0000 - 0x00007ffd398bd000 	C:\WINDOWS\System32\imagehlp.dll
0x00007ffce5580000 - 0x00007ffce6d08000 	C:\WINDOWS\System32\DriverStore\FileRepository\nv_dispig.inf_amd64_4d7400884d0d52e3\nvd3dumx.dll
0x00007ffcfba20000 - 0x00007ffcfbce7000 	C:\WINDOWS\system32\nvspcap64.dll
0x00007ffd36a70000 - 0x00007ffd36aa3000 	C:\WINDOWS\SYSTEM32\ntmarta.dll
0x00007ffd36640000 - 0x00007ffd36663000 	C:\WINDOWS\SYSTEM32\gpapi.dll
0x00007ffd27b50000 - 0x00007ffd27b8b000 	C:\WINDOWS\SYSTEM32\dxcore.dll
0x00007ffd39610000 - 0x00007ffd396b9000 	C:\WINDOWS\System32\clbcatq.dll
0x00007ffd2e850000 - 0x00007ffd2ea04000 	C:\WINDOWS\SYSTEM32\WindowsCodecs.dll
0x00007ffd158e0000 - 0x00007ffd1591e000 	C:\WINDOWS\system32\dataexchange.dll
0x00007ffd33ce0000 - 0x00007ffd33f44000 	C:\WINDOWS\system32\d3d11.dll
0x00007ffd34ad0000 - 0x00007ffd34cb5000 	C:\WINDOWS\system32\dcomp.dll
0x00007ffd36670000 - 0x00007ffd36763000 	C:\WINDOWS\system32\dxgi.dll
0x00007ffd2ea10000 - 0x00007ffd2ec11000 	C:\WINDOWS\system32\twinapi.appcore.dll
0x00007ffd10ce0000 - 0x00007ffd10d23000 	C:\Program Files\Java\jdk1.8.0_331\jre\bin\t2k.dll
0x00007ffd1b1f0000 - 0x00007ffd1b2e9000 	C:\WINDOWS\SYSTEM32\textinputframework.dll
0x00007ffd35040000 - 0x00007ffd3539e000 	C:\WINDOWS\System32\CoreUIComponents.dll
0x00007ffd353a0000 - 0x00007ffd35492000 	C:\WINDOWS\System32\CoreMessaging.dll
0x00007ffd34970000 - 0x00007ffd34ac4000 	C:\WINDOWS\SYSTEM32\wintypes.dll
0x00007ffd16ea0000 - 0x00007ffd16eca000 	C:\Program Files\Java\jdk1.8.0_331\jre\bin\dcpr.dll
0x00007ffd2ae50000 - 0x00007ffd2b034000 	C:\WINDOWS\SYSTEM32\dbghelp.dll

VM Arguments:
jvm_args: -Dfile.encoding=UTF-8 -agentpath:E:/Programme/NetBeans 8.2 RC/profiler/lib/deployed/jdk16/windows-amd64/profilerinterface.dll=E:\Programme\NetBeans 8.2 RC\profiler\lib,5140,10 -XX:+HeapDumpOnOutOfMemoryError -XX:HeapDumpPath=D:\OneDrive\Dokumente\NetBeansProjects\AStar\nbproject\private\profiler 
java_command: Frame
java_class_path (initial): D:\OneDrive\Dokumente\NetBeansProjects\AStar\build\classes
Launcher Type: SUN_STANDARD

Environment Variables:
PATH=C:\Program Files (x86)\Razer\ChromaBroadcast\bin;C:\Program Files\Razer\ChromaBroadcast\bin;C:\Program Files (x86)\Common Files\Oracle\Java\javapath;C:\WINDOWS\system32;C:\WINDOWS;C:\WINDOWS\System32\Wbem;C:\WINDOWS\System32\WindowsPowerShell\v1.0\;C:\WINDOWS\System32\OpenSSH\;C:\Users\radle\AppData\Local\Microsoft\WindowsApps;C:\Program Files\NVIDIA Corporation\NVIDIA NvDLISR;C:\Program Files (x86)\NVIDIA Corporation\PhysX\Common;C:\Users\radle\AppData\Local\Microsoft\WindowsApps;C:\Users\radle\AppData\Local\Programs\Microsoft VS Code\bin;C:\Users\radle\AppData\Local\MaxTo\;
USERNAME=radle
OS=Windows_NT
PROCESSOR_IDENTIFIER=Intel64 Family 6 Model 94 Stepping 3, GenuineIntel



---------------  S Y S T E M  ---------------

OS: Windows 10 , 64 bit Build 19041 (10.0.19041.1706)

CPU:total 4 (initial active 4) (4 cores per cpu, 1 threads per core) family 6 model 94 stepping 3, cmov, cx8, fxsr, mmx, sse, sse2, sse3, ssse3, sse4.1, sse4.2, popcnt, avx, avx2, aes, clmul, erms, rtm, 3dnowpref, lzcnt, tsc, tscinvbit, bmi1, bmi2, adx

Memory: 4k page, physical 16740472k(10136640k free), swap 33517688k(24761024k free)

vm_info: Java HotSpot(TM) 64-Bit Server VM (25.331-b09) for windows-amd64 JRE (1.8.0_331-b09), built on Mar 10 2022 03:14:38 by "java_re" with MS VC++ 15.9 (VS2017)

time: Sun May 22 21:18:40 2022
timezone: Mitteleuropäische Sommerzeit
elapsed time: 2.073215 seconds (0d 0h 0m 2s)

